c:\_projects\facialexpressions\facialexpressions\x64\release\vc140.pdb
c:\_projects\facialexpressions\facialexpressions\x64\release\jdapistd.obj
c:\_projects\facialexpressions\facialexpressions\x64\release\jdapimin.obj
c:\_projects\facialexpressions\facialexpressions\x64\release\jcsample.obj
c:\_projects\facialexpressions\facialexpressions\x64\release\jcprepct.obj
c:\_projects\facialexpressions\facialexpressions\x64\release\jcphuff.obj
c:\_projects\facialexpressions\facialexpressions\x64\release\jcparam.obj
c:\_projects\facialexpressions\facialexpressions\x64\release\jcomapi.obj
c:\_projects\facialexpressions\facialexpressions\x64\release\jcmaster.obj
c:\_projects\facialexpressions\facialexpressions\x64\release\jcmarker.obj
c:\_projects\facialexpressions\facialexpressions\x64\release\jcmainct.obj
c:\_projects\facialexpressions\facialexpressions\x64\release\jcinit.obj
c:\_projects\facialexpressions\facialexpressions\x64\release\jchuff.obj
c:\_projects\facialexpressions\facialexpressions\x64\release\jcdctmgr.obj
c:\_projects\facialexpressions\facialexpressions\x64\release\jccolor.obj
c:\_projects\facialexpressions\facialexpressions\x64\release\jccoefct.obj
c:\_projects\facialexpressions\facialexpressions\x64\release\jcapistd.obj
c:\_projects\facialexpressions\facialexpressions\x64\release\jcapimin.obj
c:\_projects\facialexpressions\facialexpressions\x64\release\source.obj
c:\_projects\facialexpressions\facialexpressions\x64\release\classifier.obj
c:\_projects\facialexpressions\facialexpressions\x64\release\capture.obj
c:\_projects\facialexpressions\facialexpressions\x64\release\jidctfst.obj
c:\_projects\facialexpressions\facialexpressions\x64\release\jidctflt.obj
c:\_projects\facialexpressions\facialexpressions\x64\release\jfdctint.obj
c:\_projects\facialexpressions\facialexpressions\x64\release\jfdctfst.obj
c:\_projects\facialexpressions\facialexpressions\x64\release\jfdctflt.obj
c:\_projects\facialexpressions\facialexpressions\x64\release\jerror.obj
c:\_projects\facialexpressions\facialexpressions\x64\release\jdsample.obj
c:\_projects\facialexpressions\facialexpressions\x64\release\jdpostct.obj
c:\_projects\facialexpressions\facialexpressions\x64\release\jdphuff.obj
c:\_projects\facialexpressions\facialexpressions\x64\release\jdmerge.obj
c:\_projects\facialexpressions\facialexpressions\x64\release\jdmaster.obj
c:\_projects\facialexpressions\facialexpressions\x64\release\jdmarker.obj
c:\_projects\facialexpressions\facialexpressions\x64\release\jdmainct.obj
c:\_projects\facialexpressions\facialexpressions\x64\release\jdinput.obj
c:\_projects\facialexpressions\facialexpressions\x64\release\jdhuff.obj
c:\_projects\facialexpressions\facialexpressions\x64\release\jddctmgr.obj
c:\_projects\facialexpressions\facialexpressions\x64\release\jdcolor.obj
c:\_projects\facialexpressions\facialexpressions\x64\release\jdcoefct.obj
c:\_projects\facialexpressions\facialexpressions\x64\release\jdatasrc.obj
c:\_projects\facialexpressions\facialexpressions\x64\release\jdatadst.obj
c:\_projects\facialexpressions\facialexpressions\x64\release\mysvm.obj
c:\_projects\facialexpressions\facialexpressions\x64\release\stdafx.obj
c:\_projects\facialexpressions\facialexpressions\x64\release\gui.obj
c:\_projects\facialexpressions\facialexpressions\x64\release\featureextractor.obj
c:\_projects\facialexpressions\facialexpressions\x64\release\face.obj
c:\_projects\facialexpressions\facialexpressions\x64\release\jutils.obj
c:\_projects\facialexpressions\facialexpressions\x64\release\jquant2.obj
c:\_projects\facialexpressions\facialexpressions\x64\release\jquant1.obj
c:\_projects\facialexpressions\facialexpressions\x64\release\jmemnobs.obj
c:\_projects\facialexpressions\facialexpressions\x64\release\jmemmgr.obj
c:\_projects\facialexpressions\facialexpressions\x64\release\jidctred.obj
c:\_projects\facialexpressions\facialexpressions\x64\release\jidctint.obj
c:\_projects\facialexpressions\facialexpressions\x64\release\loader.obj
c:\_projects\facialexpressions\facialexpressions\x64\release\imgpreprocessor.obj
c:\_projects\facialexpressions\facialexpressions\x64\release\gzclose.obj
c:\_projects\facialexpressions\facialexpressions\x64\release\deflate.obj
c:\_projects\facialexpressions\facialexpressions\x64\release\crc32.obj
c:\_projects\facialexpressions\facialexpressions\x64\release\compress.obj
c:\_projects\facialexpressions\facialexpressions\x64\release\adler32.obj
c:\_projects\facialexpressions\facialexpressions\x64\release\pngwutil.obj
c:\_projects\facialexpressions\facialexpressions\x64\release\pngwtran.obj
c:\_projects\facialexpressions\facialexpressions\x64\release\pngwrite.obj
c:\_projects\facialexpressions\facialexpressions\x64\release\pngwio.obj
c:\_projects\facialexpressions\facialexpressions\x64\release\pngtrans.obj
c:\_projects\facialexpressions\facialexpressions\x64\release\pngset.obj
c:\_projects\facialexpressions\facialexpressions\x64\release\pngrutil.obj
c:\_projects\facialexpressions\facialexpressions\x64\release\pngrtran.obj
c:\_projects\facialexpressions\facialexpressions\x64\release\pngrio.obj
c:\_projects\facialexpressions\facialexpressions\x64\release\pngread.obj
c:\_projects\facialexpressions\facialexpressions\x64\release\pngpread.obj
c:\_projects\facialexpressions\facialexpressions\x64\release\pngmem.obj
c:\_projects\facialexpressions\facialexpressions\x64\release\pngget.obj
c:\_projects\facialexpressions\facialexpressions\x64\release\pngerror.obj
c:\_projects\facialexpressions\facialexpressions\x64\release\png.obj
c:\_projects\facialexpressions\facialexpressions\x64\release\zutil.obj
c:\_projects\facialexpressions\facialexpressions\x64\release\uncompr.obj
c:\_projects\facialexpressions\facialexpressions\x64\release\trees.obj
c:\_projects\facialexpressions\facialexpressions\x64\release\inftrees.obj
c:\_projects\facialexpressions\facialexpressions\x64\release\inflate.obj
c:\_projects\facialexpressions\facialexpressions\x64\release\inffast.obj
c:\_projects\facialexpressions\facialexpressions\x64\release\infback.obj
c:\_projects\facialexpressions\facialexpressions\x64\release\gzwrite.obj
c:\_projects\facialexpressions\facialexpressions\x64\release\gzread.obj
c:\_projects\facialexpressions\facialexpressions\x64\release\gzlib.obj
c:\_projects\facialexpressions\facialexpressions\x64\release\facialexpressions.obj
c:\_projects\facialexpressions\x64\release\facialexpressions.exe
c:\_projects\facialexpressions\x64\release\facialexpressions.ipdb
c:\_projects\facialexpressions\x64\release\facialexpressions.iobj
c:\_projects\facialexpressions\x64\release\facialexpressions.pdb
c:\_projects\facialexpressions\facialexpressions\x64\release\nativecodeanalysis.read.1.tlog
c:\_projects\facialexpressions\facialexpressions\x64\release\adler32.nativecodeanalysis.xml
c:\_projects\facialexpressions\facialexpressions\x64\release\capture.nativecodeanalysis.xml
c:\_projects\facialexpressions\facialexpressions\x64\release\classifier.nativecodeanalysis.xml
c:\_projects\facialexpressions\facialexpressions\x64\release\compress.nativecodeanalysis.xml
c:\_projects\facialexpressions\facialexpressions\x64\release\crc32.nativecodeanalysis.xml
c:\_projects\facialexpressions\facialexpressions\x64\release\deflate.nativecodeanalysis.xml
c:\_projects\facialexpressions\facialexpressions\x64\release\face.nativecodeanalysis.xml
c:\_projects\facialexpressions\facialexpressions\x64\release\facialexpressions.nativecodeanalysis.xml
c:\_projects\facialexpressions\facialexpressions\x64\release\featureextractor.nativecodeanalysis.xml
c:\_projects\facialexpressions\facialexpressions\x64\release\gui.nativecodeanalysis.xml
c:\_projects\facialexpressions\facialexpressions\x64\release\gzclose.nativecodeanalysis.xml
c:\_projects\facialexpressions\facialexpressions\x64\release\gzlib.nativecodeanalysis.xml
c:\_projects\facialexpressions\facialexpressions\x64\release\gzread.nativecodeanalysis.xml
c:\_projects\facialexpressions\facialexpressions\x64\release\gzwrite.nativecodeanalysis.xml
c:\_projects\facialexpressions\facialexpressions\x64\release\imgpreprocessor.nativecodeanalysis.xml
c:\_projects\facialexpressions\facialexpressions\x64\release\infback.nativecodeanalysis.xml
c:\_projects\facialexpressions\facialexpressions\x64\release\inffast.nativecodeanalysis.xml
c:\_projects\facialexpressions\facialexpressions\x64\release\inflate.nativecodeanalysis.xml
c:\_projects\facialexpressions\facialexpressions\x64\release\inftrees.nativecodeanalysis.xml
c:\_projects\facialexpressions\facialexpressions\x64\release\jcapimin.nativecodeanalysis.xml
c:\_projects\facialexpressions\facialexpressions\x64\release\jcapistd.nativecodeanalysis.xml
c:\_projects\facialexpressions\facialexpressions\x64\release\jccoefct.nativecodeanalysis.xml
c:\_projects\facialexpressions\facialexpressions\x64\release\jccolor.nativecodeanalysis.xml
c:\_projects\facialexpressions\facialexpressions\x64\release\jcdctmgr.nativecodeanalysis.xml
c:\_projects\facialexpressions\facialexpressions\x64\release\jchuff.nativecodeanalysis.xml
c:\_projects\facialexpressions\facialexpressions\x64\release\jcinit.nativecodeanalysis.xml
c:\_projects\facialexpressions\facialexpressions\x64\release\jcmainct.nativecodeanalysis.xml
c:\_projects\facialexpressions\facialexpressions\x64\release\jcmarker.nativecodeanalysis.xml
c:\_projects\facialexpressions\facialexpressions\x64\release\jcmaster.nativecodeanalysis.xml
c:\_projects\facialexpressions\facialexpressions\x64\release\jcomapi.nativecodeanalysis.xml
c:\_projects\facialexpressions\facialexpressions\x64\release\jcparam.nativecodeanalysis.xml
c:\_projects\facialexpressions\facialexpressions\x64\release\jcphuff.nativecodeanalysis.xml
c:\_projects\facialexpressions\facialexpressions\x64\release\jcprepct.nativecodeanalysis.xml
c:\_projects\facialexpressions\facialexpressions\x64\release\jcsample.nativecodeanalysis.xml
c:\_projects\facialexpressions\facialexpressions\x64\release\jdapimin.nativecodeanalysis.xml
c:\_projects\facialexpressions\facialexpressions\x64\release\jdapistd.nativecodeanalysis.xml
c:\_projects\facialexpressions\facialexpressions\x64\release\jdatadst.nativecodeanalysis.xml
c:\_projects\facialexpressions\facialexpressions\x64\release\jdatasrc.nativecodeanalysis.xml
c:\_projects\facialexpressions\facialexpressions\x64\release\jdcoefct.nativecodeanalysis.xml
c:\_projects\facialexpressions\facialexpressions\x64\release\jdcolor.nativecodeanalysis.xml
c:\_projects\facialexpressions\facialexpressions\x64\release\jddctmgr.nativecodeanalysis.xml
c:\_projects\facialexpressions\facialexpressions\x64\release\jdhuff.nativecodeanalysis.xml
c:\_projects\facialexpressions\facialexpressions\x64\release\jdinput.nativecodeanalysis.xml
c:\_projects\facialexpressions\facialexpressions\x64\release\jdmainct.nativecodeanalysis.xml
c:\_projects\facialexpressions\facialexpressions\x64\release\jdmarker.nativecodeanalysis.xml
c:\_projects\facialexpressions\facialexpressions\x64\release\jdmaster.nativecodeanalysis.xml
c:\_projects\facialexpressions\facialexpressions\x64\release\jdmerge.nativecodeanalysis.xml
c:\_projects\facialexpressions\facialexpressions\x64\release\jdphuff.nativecodeanalysis.xml
c:\_projects\facialexpressions\facialexpressions\x64\release\jdpostct.nativecodeanalysis.xml
c:\_projects\facialexpressions\facialexpressions\x64\release\jdsample.nativecodeanalysis.xml
c:\_projects\facialexpressions\facialexpressions\x64\release\jerror.nativecodeanalysis.xml
c:\_projects\facialexpressions\facialexpressions\x64\release\jfdctflt.nativecodeanalysis.xml
c:\_projects\facialexpressions\facialexpressions\x64\release\jfdctfst.nativecodeanalysis.xml
c:\_projects\facialexpressions\facialexpressions\x64\release\jfdctint.nativecodeanalysis.xml
c:\_projects\facialexpressions\facialexpressions\x64\release\jidctflt.nativecodeanalysis.xml
c:\_projects\facialexpressions\facialexpressions\x64\release\jidctfst.nativecodeanalysis.xml
c:\_projects\facialexpressions\facialexpressions\x64\release\jidctint.nativecodeanalysis.xml
c:\_projects\facialexpressions\facialexpressions\x64\release\jidctred.nativecodeanalysis.xml
c:\_projects\facialexpressions\facialexpressions\x64\release\jmemmgr.nativecodeanalysis.xml
c:\_projects\facialexpressions\facialexpressions\x64\release\jmemnobs.nativecodeanalysis.xml
c:\_projects\facialexpressions\facialexpressions\x64\release\jquant1.nativecodeanalysis.xml
c:\_projects\facialexpressions\facialexpressions\x64\release\jquant2.nativecodeanalysis.xml
c:\_projects\facialexpressions\facialexpressions\x64\release\jutils.nativecodeanalysis.xml
c:\_projects\facialexpressions\facialexpressions\x64\release\loader.nativecodeanalysis.xml
c:\_projects\facialexpressions\facialexpressions\x64\release\mysvm.nativecodeanalysis.xml
c:\_projects\facialexpressions\facialexpressions\x64\release\png.nativecodeanalysis.xml
c:\_projects\facialexpressions\facialexpressions\x64\release\pngerror.nativecodeanalysis.xml
c:\_projects\facialexpressions\facialexpressions\x64\release\pngget.nativecodeanalysis.xml
c:\_projects\facialexpressions\facialexpressions\x64\release\pngmem.nativecodeanalysis.xml
c:\_projects\facialexpressions\facialexpressions\x64\release\pngpread.nativecodeanalysis.xml
c:\_projects\facialexpressions\facialexpressions\x64\release\pngread.nativecodeanalysis.xml
c:\_projects\facialexpressions\facialexpressions\x64\release\pngrio.nativecodeanalysis.xml
c:\_projects\facialexpressions\facialexpressions\x64\release\pngrtran.nativecodeanalysis.xml
c:\_projects\facialexpressions\facialexpressions\x64\release\pngrutil.nativecodeanalysis.xml
c:\_projects\facialexpressions\facialexpressions\x64\release\pngset.nativecodeanalysis.xml
c:\_projects\facialexpressions\facialexpressions\x64\release\pngtrans.nativecodeanalysis.xml
c:\_projects\facialexpressions\facialexpressions\x64\release\pngwio.nativecodeanalysis.xml
c:\_projects\facialexpressions\facialexpressions\x64\release\pngwrite.nativecodeanalysis.xml
c:\_projects\facialexpressions\facialexpressions\x64\release\pngwtran.nativecodeanalysis.xml
c:\_projects\facialexpressions\facialexpressions\x64\release\pngwutil.nativecodeanalysis.xml
c:\_projects\facialexpressions\facialexpressions\x64\release\source.nativecodeanalysis.xml
c:\_projects\facialexpressions\facialexpressions\x64\release\stdafx.nativecodeanalysis.xml
c:\_projects\facialexpressions\facialexpressions\x64\release\trees.nativecodeanalysis.xml
c:\_projects\facialexpressions\facialexpressions\x64\release\uncompr.nativecodeanalysis.xml
c:\_projects\facialexpressions\facialexpressions\x64\release\vc.nativecodeanalysis.all.xml
c:\_projects\facialexpressions\facialexpressions\x64\release\zutil.nativecodeanalysis.xml
c:\_projects\facialexpressions\x64\release\facialexpressions.exe.lastcodeanalysissucceeded
c:\_projects\facialexpressions\facialexpressions\x64\release\facialex.1ef8bcf4.tlog\cl.command.1.tlog
c:\_projects\facialexpressions\facialexpressions\x64\release\facialex.1ef8bcf4.tlog\cl.read.1.tlog
c:\_projects\facialexpressions\facialexpressions\x64\release\facialex.1ef8bcf4.tlog\cl.write.1.tlog
c:\_projects\facialexpressions\facialexpressions\x64\release\facialex.1ef8bcf4.tlog\link.command.1.tlog
c:\_projects\facialexpressions\facialexpressions\x64\release\facialex.1ef8bcf4.tlog\link.read.1.tlog
c:\_projects\facialexpressions\facialexpressions\x64\release\facialex.1ef8bcf4.tlog\link.write.1.tlog
