  mySVM.cpp
  FacialExpressions.cpp
  stdafx.cpp
  Loader.cpp
  FeatureExtractor.cpp
  jutils.cpp
  jquant2.cpp
  jquant1.cpp
  jmemnobs.cpp
  jmemmgr.cpp
  jidctred.cpp
  jidctint.cpp
  jidctfst.cpp
  jidctflt.cpp
  jfdctint.cpp
  jfdctfst.cpp
  jfdctflt.cpp
  jerror.cpp
  jdsample.cpp
  jdpostct.cpp
  Generating Code...
  Compiling...
  jdphuff.cpp
  jdmerge.cpp
  jdmaster.cpp
  jdmarker.cpp
  jdmainct.cpp
  jdinput.cpp
  jdhuff.cpp
  jddctmgr.cpp
  jdcolor.cpp
  jdcoefct.cpp
  jdatasrc.cpp
  jdatadst.cpp
  jdapistd.cpp
  jdapimin.cpp
  jcsample.cpp
  jcprepct.cpp
  jcphuff.cpp
  jcparam.cpp
  jcomapi.cpp
  jcmaster.cpp
  Generating Code...
  Compiling...
  jcmarker.cpp
  jcmainct.cpp
  jcinit.cpp
  jchuff.cpp
  jcdctmgr.cpp
  jccolor.cpp
  jccoefct.cpp
  jcapistd.cpp
  jcapimin.cpp
  source.cpp
  Generating Code...
  zutil.c
  uncompr.c
  trees.c
  inftrees.c
  inflate.c
  inffast.c
  infback.c
  gzwrite.c
  gzread.c
  gzlib.c
  gzclose.c
  deflate.c
  crc32.c
  compress.c
  adler32.c
  pngwutil.c
  pngwtran.c
  pngwrite.c
  pngwio.c
  pngtrans.c
  Generating Code...
  Compiling...
  pngset.c
  pngrutil.c
  pngrtran.c
  pngrio.c
  pngread.c
  pngpread.c
  pngmem.c
  pngget.c
  pngerror.c
  png.c
  Generating Code...
  FacialExpressions.vcxproj -> C:\_Projects\FacialExpressions\x64\Debug\FacialExpressions.exe
