c:\_projects\facialexpressions\facialexpressions\x64\debug\vc140.pdb
c:\_projects\facialexpressions\facialexpressions\x64\debug\vc140.idb
c:\_projects\facialexpressions\facialexpressions\x64\debug\source.obj
c:\_projects\facialexpressions\facialexpressions\x64\debug\stdafx.obj
c:\_projects\facialexpressions\facialexpressions\x64\debug\facialexpressions.obj
c:\_projects\facialexpressions\facialexpressions\x64\debug\featureextractor.obj
c:\_projects\facialexpressions\facialexpressions\x64\debug\svm.obj
c:\_projects\facialexpressions\facialexpressions\x64\debug\jdmainct.obj
c:\_projects\facialexpressions\facialexpressions\x64\debug\jdmarker.obj
c:\_projects\facialexpressions\facialexpressions\x64\debug\jdmaster.obj
c:\_projects\facialexpressions\facialexpressions\x64\debug\jdmerge.obj
c:\_projects\facialexpressions\facialexpressions\x64\debug\jdphuff.obj
c:\_projects\facialexpressions\facialexpressions\x64\debug\jdpostct.obj
c:\_projects\facialexpressions\facialexpressions\x64\debug\jdsample.obj
c:\_projects\facialexpressions\facialexpressions\x64\debug\jerror.obj
c:\_projects\facialexpressions\facialexpressions\x64\debug\jfdctflt.obj
c:\_projects\facialexpressions\facialexpressions\x64\debug\jfdctfst.obj
c:\_projects\facialexpressions\facialexpressions\x64\debug\jfdctint.obj
c:\_projects\facialexpressions\facialexpressions\x64\debug\jidctflt.obj
c:\_projects\facialexpressions\facialexpressions\x64\debug\jidctfst.obj
c:\_projects\facialexpressions\facialexpressions\x64\debug\jidctint.obj
c:\_projects\facialexpressions\facialexpressions\x64\debug\jidctred.obj
c:\_projects\facialexpressions\facialexpressions\x64\debug\jmemmgr.obj
c:\_projects\facialexpressions\facialexpressions\x64\debug\jmemnobs.obj
c:\_projects\facialexpressions\facialexpressions\x64\debug\jquant1.obj
c:\_projects\facialexpressions\facialexpressions\x64\debug\jquant2.obj
c:\_projects\facialexpressions\facialexpressions\x64\debug\jutils.obj
c:\_projects\facialexpressions\facialexpressions\x64\debug\jcdctmgr.obj
c:\_projects\facialexpressions\facialexpressions\x64\debug\jchuff.obj
c:\_projects\facialexpressions\facialexpressions\x64\debug\jcinit.obj
c:\_projects\facialexpressions\facialexpressions\x64\debug\jcmainct.obj
c:\_projects\facialexpressions\facialexpressions\x64\debug\jcmarker.obj
c:\_projects\facialexpressions\facialexpressions\x64\debug\jcmaster.obj
c:\_projects\facialexpressions\facialexpressions\x64\debug\jcomapi.obj
c:\_projects\facialexpressions\facialexpressions\x64\debug\jcparam.obj
c:\_projects\facialexpressions\facialexpressions\x64\debug\jcphuff.obj
c:\_projects\facialexpressions\facialexpressions\x64\debug\jcprepct.obj
c:\_projects\facialexpressions\facialexpressions\x64\debug\jcsample.obj
c:\_projects\facialexpressions\facialexpressions\x64\debug\jdapimin.obj
c:\_projects\facialexpressions\facialexpressions\x64\debug\jdapistd.obj
c:\_projects\facialexpressions\facialexpressions\x64\debug\jdatadst.obj
c:\_projects\facialexpressions\facialexpressions\x64\debug\jdatasrc.obj
c:\_projects\facialexpressions\facialexpressions\x64\debug\jdcoefct.obj
c:\_projects\facialexpressions\facialexpressions\x64\debug\jdcolor.obj
c:\_projects\facialexpressions\facialexpressions\x64\debug\jddctmgr.obj
c:\_projects\facialexpressions\facialexpressions\x64\debug\jdhuff.obj
c:\_projects\facialexpressions\facialexpressions\x64\debug\jdinput.obj
c:\_projects\facialexpressions\facialexpressions\x64\debug\jcapimin.obj
c:\_projects\facialexpressions\facialexpressions\x64\debug\jcapistd.obj
c:\_projects\facialexpressions\facialexpressions\x64\debug\jccoefct.obj
c:\_projects\facialexpressions\facialexpressions\x64\debug\jccolor.obj
c:\_projects\facialexpressions\facialexpressions\x64\debug\pngtrans.obj
c:\_projects\facialexpressions\facialexpressions\x64\debug\pngwio.obj
c:\_projects\facialexpressions\facialexpressions\x64\debug\pngwrite.obj
c:\_projects\facialexpressions\facialexpressions\x64\debug\pngwtran.obj
c:\_projects\facialexpressions\facialexpressions\x64\debug\pngwutil.obj
c:\_projects\facialexpressions\facialexpressions\x64\debug\adler32.obj
c:\_projects\facialexpressions\facialexpressions\x64\debug\compress.obj
c:\_projects\facialexpressions\facialexpressions\x64\debug\crc32.obj
c:\_projects\facialexpressions\facialexpressions\x64\debug\deflate.obj
c:\_projects\facialexpressions\facialexpressions\x64\debug\gzclose.obj
c:\_projects\facialexpressions\facialexpressions\x64\debug\gzlib.obj
c:\_projects\facialexpressions\facialexpressions\x64\debug\gzread.obj
c:\_projects\facialexpressions\facialexpressions\x64\debug\gzwrite.obj
c:\_projects\facialexpressions\facialexpressions\x64\debug\infback.obj
c:\_projects\facialexpressions\facialexpressions\x64\debug\inffast.obj
c:\_projects\facialexpressions\facialexpressions\x64\debug\inflate.obj
c:\_projects\facialexpressions\facialexpressions\x64\debug\inftrees.obj
c:\_projects\facialexpressions\facialexpressions\x64\debug\trees.obj
c:\_projects\facialexpressions\facialexpressions\x64\debug\uncompr.obj
c:\_projects\facialexpressions\facialexpressions\x64\debug\zutil.obj
c:\_projects\facialexpressions\facialexpressions\x64\debug\png.obj
c:\_projects\facialexpressions\facialexpressions\x64\debug\pngerror.obj
c:\_projects\facialexpressions\facialexpressions\x64\debug\pngget.obj
c:\_projects\facialexpressions\facialexpressions\x64\debug\pngmem.obj
c:\_projects\facialexpressions\facialexpressions\x64\debug\pngpread.obj
c:\_projects\facialexpressions\facialexpressions\x64\debug\pngread.obj
c:\_projects\facialexpressions\facialexpressions\x64\debug\pngrio.obj
c:\_projects\facialexpressions\facialexpressions\x64\debug\pngrtran.obj
c:\_projects\facialexpressions\facialexpressions\x64\debug\pngrutil.obj
c:\_projects\facialexpressions\facialexpressions\x64\debug\pngset.obj
c:\_projects\facialexpressions\facialexpressions\x64\debug\mysvm.obj
c:\_projects\facialexpressions\facialexpressions\x64\debug\loader.obj
c:\_projects\facialexpressions\facialexpressions\x64\debug\imgpreprocessor.obj
c:\_projects\facialexpressions\x64\debug\facialexpressions.ilk
c:\_projects\facialexpressions\x64\debug\facialexpressions.exe
c:\_projects\facialexpressions\x64\debug\facialexpressions.pdb
c:\_projects\facialexpressions\facialexpressions\x64\debug\facialex.1ef8bcf4.tlog\cl.command.1.tlog
c:\_projects\facialexpressions\facialexpressions\x64\debug\facialex.1ef8bcf4.tlog\cl.read.1.tlog
c:\_projects\facialexpressions\facialexpressions\x64\debug\facialex.1ef8bcf4.tlog\cl.write.1.tlog
c:\_projects\facialexpressions\facialexpressions\x64\debug\facialex.1ef8bcf4.tlog\link.command.1.tlog
c:\_projects\facialexpressions\facialexpressions\x64\debug\facialex.1ef8bcf4.tlog\link.read.1.tlog
c:\_projects\facialexpressions\facialexpressions\x64\debug\facialex.1ef8bcf4.tlog\link.write.1.tlog
